<?xml version="1.0" encoding="UTF-8" ?>
<testsuite tests="3" failures="0" name="ReadTxtTest" time="0" errors="0" skipped="0">
  <properties>
    <property name="java.runtime.name" value="OpenJDK Runtime Environment"/>
    <property name="java.vm.version" value="11.0.10+9"/>
    <property name="sun.boot.library.path" value="C:\Program Files\AdoptOpenJDK\jdk-11.0.10.9-hotspot\bin"/>
    <property name="maven.multiModuleProjectDirectory" value="D:\java-stu\duplicate-checking"/>
    <property name="java.vm.vendor" value="AdoptOpenJDK"/>
    <property name="java.vendor.url" value="https://adoptopenjdk.net/"/>
    <property name="guice.disable.misplaced.annotation.check" value="true"/>
    <property name="path.separator" value=";"/>
    <property name="java.vm.name" value="OpenJDK 64-Bit Server VM"/>
    <property name="sun.os.patch.level" value=""/>
    <property name="user.script" value=""/>
    <property name="user.country" value="CN"/>
    <property name="sun.java.launcher" value="SUN_STANDARD"/>
    <property name="java.vm.specification.name" value="Java Virtual Machine Specification"/>
    <property name="user.dir" value="D:\java-stu\duplicate-checking"/>
    <property name="java.vm.compressedOopsMode" value="Zero based"/>
    <property name="java.runtime.version" value="11.0.10+9"/>
    <property name="java.awt.graphicsenv" value="sun.awt.Win32GraphicsEnvironment"/>
    <property name="os.arch" value="amd64"/>
    <property name="java.io.tmpdir" value="C:\Users\code\AppData\Local\Temp\"/>
    <property name="line.separator" value="
"/>
    <property name="java.vm.specification.vendor" value="Oracle Corporation"/>
    <property name="user.variant" value=""/>
    <property name="os.name" value="Windows 10"/>
    <property name="classworlds.conf" value="D:\apache-maven-3.8.2\bin\m2.conf"/>
    <property name="sun.jnu.encoding" value="GBK"/>
    <property name="java.library.path" value="C:\Program Files\AdoptOpenJDK\jdk-11.0.10.9-hotspot\bin;C:\WINDOWS\Sun\Java\bin;C:\WINDOWS\system32;C:\WINDOWS;C:\Program Files\AdoptOpenJDK\jdk-8.0.282.8-openj9\bin;C:\Program Files\AdoptOpenJDK\jdk-15.0.2.7-openj9\bin;C:\Program Files\AdoptOpenJDK\jdk-11.0.10.9-hotspot\bin;C:\Program Files (x86)\Common Files\Intel\Shared Libraries\redist\intel64\compiler;C:\Program Files (x86)\Common Files\Oracle\Java\javapath;C:\WINDOWS\system32;C:\WINDOWS;C:\WINDOWS\System32\Wbem;C:\WINDOWS\System32\WindowsPowerShell\v1.0\;C:\WINDOWS\System32\OpenSSH\;C:\Program Files (x86)\NVIDIA Corporation\PhysX\Common;C:\Program Files\NVIDIA Corporation\NVIDIA NvDLISR;D:\mysql5.5\bin;C:\Program Files\Git\cmd;C:\Program Files\Pandoc\;D:\matlab\runtime\win64;D:\matlab\bin;C:\Program Files\nodejs\;C:\Program Files\TortoiseGit\bin;D:\putty\;D:\xshell\;D:\ftp\;D:\LINGO64_17\;D:\apache-maven-3.8.2\bin;C:\Users\code\AppData\Local\Programs\Python\Python39\Scripts\;C:\Users\code\AppData\Local\Programs\Python\Python39\;C:\Users\code\AppData\Local\Programs\Python\Python38\Scripts\;C:\Users\code\AppData\Local\Programs\Python\Python38\;C:\Users\code\AppData\Local\Microsoft\WindowsApps;D:\Microsoft VS Code\bin;C:\mingw64\bin;D:\IntelliJ IDEA 2020.1\bin;;C:\Users\code\AppData\Roaming\npm;D:\PyCharm Edu 2021.1.2\bin;;."/>
    <property name="maven.conf" value="D:\apache-maven-3.8.2/conf"/>
    <property name="jdk.debug" value="release"/>
    <property name="java.class.version" value="55.0"/>
    <property name="java.specification.name" value="Java Platform API Specification"/>
    <property name="sun.management.compiler" value="HotSpot 64-Bit Tiered Compilers"/>
    <property name="os.version" value="10.0"/>
    <property name="user.home" value="C:\Users\code"/>
    <property name="user.timezone" value="Asia/Shanghai"/>
    <property name="java.awt.printerjob" value="sun.awt.windows.WPrinterJob"/>
    <property name="file.encoding" value="GBK"/>
    <property name="java.specification.version" value="11"/>
    <property name="user.name" value="code"/>
    <property name="java.class.path" value="D:\apache-maven-3.8.2\boot\plexus-classworlds-2.6.0.jar"/>
    <property name="java.vm.specification.version" value="11"/>
    <property name="sun.arch.data.model" value="64"/>
    <property name="sun.java.command" value="org.codehaus.plexus.classworlds.launcher.Launcher clean install jacoco:prepare-agent jacoco:report"/>
    <property name="java.home" value="C:\Program Files\AdoptOpenJDK\jdk-11.0.10.9-hotspot"/>
    <property name="user.language" value="zh"/>
    <property name="java.specification.vendor" value="Oracle Corporation"/>
    <property name="awt.toolkit" value="sun.awt.windows.WToolkit"/>
    <property name="java.vm.info" value="mixed mode"/>
    <property name="java.version" value="11.0.10"/>
    <property name="java.vendor" value="AdoptOpenJDK"/>
    <property name="sun.stderr.encoding" value="ms936"/>
    <property name="maven.home" value="D:\apache-maven-3.8.2"/>
    <property name="file.separator" value="\"/>
    <property name="java.version.date" value="2021-01-19"/>
    <property name="java.vendor.url.bug" value="https://github.com/AdoptOpenJDK/openjdk-support/issues"/>
    <property name="sun.io.unicode.encoding" value="UnicodeLittle"/>
    <property name="sun.cpu.endian" value="little"/>
    <property name="java.vendor.version" value="AdoptOpenJDK"/>
    <property name="sun.stdout.encoding" value="ms936"/>
    <property name="sun.desktop" value="windows"/>
    <property name="sun.cpu.isalist" value="amd64"/>
  </properties>
  <testcase classname="ReadTxtTest" name="readTxtTestNull" time="0"/>
  <testcase classname="ReadTxtTest" name="readTxtTestError" time="0"/>
  <testcase classname="ReadTxtTest" name="readTxtTestRight" time="0"/>
</testsuite>